2022.12.12 15:14:35 INFO  app[][o.s.a.AppFileSystem] Cleaning or creating temp directory /opt/sonarqube/temp
2022.12.12 15:14:35 INFO  app[][o.s.a.es.EsSettings] Elasticsearch listening on [HTTP: 127.0.0.1:9001, TCP: 127.0.0.1:34303]
2022.12.12 15:14:35 INFO  app[][o.s.a.ProcessLauncherImpl] Launch process[ELASTICSEARCH] from [/opt/sonarqube/elasticsearch]: /opt/sonarqube/elasticsearch/bin/elasticsearch
2022.12.12 15:14:35 INFO  app[][o.s.a.SchedulerImpl] Waiting for Elasticsearch to be up and running
2022.12.12 15:14:58 INFO  app[][o.s.a.SchedulerImpl] Process[es] is up
2022.12.12 15:14:58 INFO  app[][o.s.a.ProcessLauncherImpl] Launch process[WEB_SERVER] from [/opt/sonarqube]: /usr/lib/jvm/java-11-openjdk/bin/java -Djava.awt.headless=true -Dfile.encoding=UTF-8 -Djava.io.tmpdir=/opt/sonarqube/temp -XX:-OmitStackTraceInFastThrow --add-opens=java.base/java.util=ALL-UNNAMED --add-opens=java.base/java.lang=ALL-UNNAMED --add-opens=java.base/java.io=ALL-UNNAMED --add-opens=java.rmi/sun.rmi.transport=ALL-UNNAMED --add-exports=java.base/jdk.internal.ref=ALL-UNNAMED --add-opens=java.base/java.nio=ALL-UNNAMED --add-opens=java.base/sun.nio.ch=ALL-UNNAMED --add-opens=java.management/sun.management=ALL-UNNAMED --add-opens=jdk.management/com.sun.management.internal=ALL-UNNAMED -Dcom.redhat.fips=false -Xmx512m -Xms128m -XX:+HeapDumpOnOutOfMemoryError -Dhttp.nonProxyHosts=localhost|127.*|[::1] -cp ./lib/sonar-application-9.7.1.62043.jar:/opt/sonarqube/lib/jdbc/h2/h2-2.1.214.jar org.sonar.server.app.WebServer /opt/sonarqube/temp/sq-process17543501536019554859properties
2022.12.12 15:15:48 INFO  app[][o.s.a.SchedulerImpl] Process[web] is up
2022.12.12 15:15:48 INFO  app[][o.s.a.ProcessLauncherImpl] Launch process[COMPUTE_ENGINE] from [/opt/sonarqube]: /usr/lib/jvm/java-11-openjdk/bin/java -Djava.awt.headless=true -Dfile.encoding=UTF-8 -Djava.io.tmpdir=/opt/sonarqube/temp -XX:-OmitStackTraceInFastThrow --add-opens=java.base/java.util=ALL-UNNAMED --add-exports=java.base/jdk.internal.ref=ALL-UNNAMED --add-opens=java.base/java.lang=ALL-UNNAMED --add-opens=java.base/java.nio=ALL-UNNAMED --add-opens=java.base/sun.nio.ch=ALL-UNNAMED --add-opens=java.management/sun.management=ALL-UNNAMED --add-opens=jdk.management/com.sun.management.internal=ALL-UNNAMED -Dcom.redhat.fips=false -Xmx512m -Xms128m -XX:+HeapDumpOnOutOfMemoryError -Dhttp.nonProxyHosts=localhost|127.*|[::1] -cp ./lib/sonar-application-9.7.1.62043.jar:/opt/sonarqube/lib/jdbc/h2/h2-2.1.214.jar org.sonar.ce.app.CeServer /opt/sonarqube/temp/sq-process771234342835929947properties
2022.12.12 15:15:52 INFO  app[][o.s.a.SchedulerImpl] Process[ce] is up
2022.12.12 15:15:52 INFO  app[][o.s.a.SchedulerImpl] SonarQube is operational
2022.12.12 15:53:14 INFO  app[][o.s.a.SchedulerImpl] Stopping SonarQube
2022.12.12 15:53:14 INFO  app[][o.s.a.SchedulerImpl] Sonarqube has been requested to stop
2022.12.12 15:53:14 INFO  app[][o.s.a.SchedulerImpl] Stopping [Compute Engine] process...
2022.12.12 15:53:15 INFO  app[][o.s.a.SchedulerImpl] Process[Compute Engine] is stopped
2022.12.12 15:53:15 INFO  app[][o.s.a.SchedulerImpl] Stopping [Web Server] process...
2022.12.12 15:53:17 INFO  app[][o.s.a.SchedulerImpl] Process[Web Server] is stopped
2022.12.12 15:53:17 INFO  app[][o.s.a.SchedulerImpl] Stopping [ElasticSearch] process...
2022.12.12 15:53:17 WARN  app[][o.s.a.p.AbstractManagedProcess] Process exited with exit value [ElasticSearch]: 143
2022.12.12 15:53:17 INFO  app[][o.s.a.SchedulerImpl] Process[ElasticSearch] is stopped
2022.12.12 15:53:17 INFO  app[][o.s.a.SchedulerImpl] SonarQube is stopped
